<?xml version="1.0" encoding="UTF-8"?>
<!-- Generated by org.testng.reporters.JUnitReportReporter -->
<testsuite hostname="DESKTOP-KK6D3DK" failures="0" tests="1" name="com.dell.project.dell.extractLink_Demo" time="13.578" errors="0" timestamp="2020-05-09T00:37:28 CDT" skipped="0">
  <testcase classname="com.dell.project.dell.extractLink_Demo" name="extractDEmo" time="13.578"/>
  <system-out/>
</testsuite> <!-- com.dell.project.dell.extractLink_Demo -->
